#
# There is insufficient memory for the Java Runtime Environment to continue.
# Native memory allocation (malloc) failed to allocate 1048576 bytes for AllocateHeap
# Possible reasons:
#   The system is out of physical RAM or swap space
#   In 32 bit mode, the process size limit was hit
# Possible solutions:
#   Reduce memory load on the system
#   Increase physical memory or swap space
#   Check if swap backing store is full
#   Use 64 bit Java on a 64 bit OS
#   Decrease Java heap size (-Xmx/-Xms)
#   Decrease number of Java threads
#   Decrease Java thread stack sizes (-Xss)
#   Set larger code cache with -XX:ReservedCodeCacheSize=
# This output file may be truncated or incomplete.
#
#  Out of Memory Error (memory/allocation.inline.hpp:61), pid=2624, tid=0x0000000000001bac
#
# JRE version:  (8.0_181-b13) (build )
# Java VM: Java HotSpot(TM) 64-Bit Server VM (25.181-b13 mixed mode windows-amd64 compressed oops)
# Failed to write core dump. Minidumps are not enabled by default on client versions of Windows
#

---------------  T H R E A D  ---------------

Current thread (0x00000000030dd800):  JavaThread "Unknown thread" [_thread_in_vm, id=7084, stack(0x0000000002f40000,0x0000000003040000)]

Stack: [0x0000000002f40000,0x0000000003040000]
[error occurred during error reporting (printing stack bounds), id 0xc0000005]

Native frames: (J=compiled Java code, j=interpreted, Vv=VM code, C=native code)


---------------  P R O C E S S  ---------------

Java Threads: ( => current thread )

Other Threads:

=>0x00000000030dd800 (exited) JavaThread "Unknown thread" [_thread_in_vm, id=7084, stack(0x0000000002f40000,0x0000000003040000)]

VM state:not at safepoint (normal execution)

VM Mutex/Monitor currently owned by a thread: None

Heap:
 PSYoungGen      total 37888K, used 655K [0x000000076ab00000, 0x000000076d500000, 0x00000007c0000000)
  eden space 32768K, 2% used [0x000000076ab00000,0x000000076aba3d80,0x000000076cb00000)
  from space 5120K, 0% used [0x000000076d000000,0x000000076d000000,0x000000076d500000)
  to   space 5120K, 0% used [0x000000076cb00000,0x000000076cb00000,0x000000076d000000)
 ParOldGen       total 86016K, used 0K [0x00000006c0000000, 0x00000006c5400000, 0x000000076ab00000)
  object space 86016K, 0% used [0x00000006c0000000,0x00000006c0000000,0x00000006c5400000)
 Metaspace       used 775K, capacity 4480K, committed 4480K, reserved 1056768K
  class space    used 76K, capacity 384K, committed 384K, reserved 1048576K

Card table byte_map: [0x00000000125a0000,0x0000000012db0000] byte_map_base: 0x000000000efa0000

Marking Bits: (ParMarkBitMap*) 0x0000000066692d00
 Begin Bits: [0x0000000013b10000, 0x0000000017b10000)
 End Bits:   [0x0000000017b10000, 0x000000001bb10000)

Polling page: 0x00000000014a0000

CodeCache: size=245760Kb used=328Kb max_used=328Kb free=245431Kb
 bounds [0x00000000031e0000, 0x0000000003450000, 0x00000000121e0000]
 total_blobs=58 nmethods=0 adapters=38
 compilation: enabled

Compilation events (0 events):
No events

GC Heap History (0 events):
No events

Deoptimization events (0 events):
No events

Classes redefined (0 events):
No events

Internal exceptions (0 events):
No events

Events (10 events):
Event: 0.018 loading class java/lang/Short
Event: 0.018 loading class java/lang/Short done
Event: 0.018 loading class java/lang/Integer
Event: 0.018 loading class java/lang/Integer done
Event: 0.018 loading class java/lang/Long
Event: 0.018 loading class java/lang/Long done
Event: 0.019 loading class java/lang/NullPointerException
Event: 0.019 loading class java/lang/NullPointerException done
Event: 0.019 loading class java/lang/ArithmeticException
Event: 0.019 loading class java/lang/ArithmeticException done


Dynamic libraries:
0x00007ff69e2a0000 - 0x00007ff69e2d7000 	D:\Java\jdk1.8.0_181\bin\java.exe
0x00007ffd40ab0000 - 0x00007ffd40c91000 	C:\WINDOWS\SYSTEM32\ntdll.dll
0x00007ffd3e210000 - 0x00007ffd3e2c2000 	C:\WINDOWS\System32\KERNEL32.DLL
0x00007ffd3cea0000 - 0x00007ffd3d113000 	C:\WINDOWS\System32\KERNELBASE.dll
0x00007ffd3e060000 - 0x00007ffd3e101000 	C:\WINDOWS\System32\ADVAPI32.dll
0x00007ffd3e170000 - 0x00007ffd3e20e000 	C:\WINDOWS\System32\msvcrt.dll
0x00007ffd400b0000 - 0x00007ffd4010b000 	C:\WINDOWS\System32\sechost.dll
0x00007ffd3ff70000 - 0x00007ffd40094000 	C:\WINDOWS\System32\RPCRT4.dll
0x00007ffd3e2d0000 - 0x00007ffd3e460000 	C:\WINDOWS\System32\USER32.dll
0x00007ffd3ce80000 - 0x00007ffd3cea0000 	C:\WINDOWS\System32\win32u.dll
0x00007ffd40a40000 - 0x00007ffd40a68000 	C:\WINDOWS\System32\GDI32.dll
0x00007ffd3d220000 - 0x00007ffd3d3b2000 	C:\WINDOWS\System32\gdi32full.dll
0x00007ffd3d120000 - 0x00007ffd3d1bf000 	C:\WINDOWS\System32\msvcp_win.dll
0x00007ffd3d3c0000 - 0x00007ffd3d4ba000 	C:\WINDOWS\System32\ucrtbase.dll
0x00007ffd24e90000 - 0x00007ffd250f9000 	C:\WINDOWS\WinSxS\amd64_microsoft.windows.common-controls_6595b64144ccf1df_6.0.17134.407_none_fb449d63306391e9\COMCTL32.dll
0x00007ffd3e460000 - 0x00007ffd3e782000 	C:\WINDOWS\System32\combase.dll
0x00007ffd3dc80000 - 0x00007ffd3dcfa000 	C:\WINDOWS\System32\bcryptPrimitives.dll
0x00007ffd40550000 - 0x00007ffd4057d000 	C:\WINDOWS\System32\IMM32.DLL
0x0000000066720000 - 0x00000000667f2000 	D:\Java\jdk1.8.0_181\jre\bin\msvcr100.dll
0x0000000065e70000 - 0x0000000066712000 	D:\Java\jdk1.8.0_181\jre\bin\server\jvm.dll
0x00007ffd400a0000 - 0x00007ffd400a8000 	C:\WINDOWS\System32\PSAPI.DLL
0x00007ffd3b490000 - 0x00007ffd3b4b3000 	C:\WINDOWS\SYSTEM32\WINMM.dll
0x00007ffd1b020000 - 0x00007ffd1b029000 	C:\WINDOWS\SYSTEM32\WSOCK32.dll
0x00007ffd33ab0000 - 0x00007ffd33aba000 	C:\WINDOWS\SYSTEM32\VERSION.dll
0x00007ffd40580000 - 0x00007ffd405ec000 	C:\WINDOWS\System32\WS2_32.dll
0x00007ffd3b460000 - 0x00007ffd3b48a000 	C:\WINDOWS\SYSTEM32\WINMMBASE.dll
0x00007ffd3dd00000 - 0x00007ffd3dd49000 	C:\WINDOWS\System32\cfgmgr32.dll
0x0000000065e60000 - 0x0000000065e6f000 	D:\Java\jdk1.8.0_181\jre\bin\verify.dll
0x0000000065e30000 - 0x0000000065e59000 	D:\Java\jdk1.8.0_181\jre\bin\java.dll
0x0000000065e10000 - 0x0000000065e26000 	D:\Java\jdk1.8.0_181\jre\bin\zip.dll

VM Arguments:
jvm_args: -Xmx4096M -Dfile.encoding=UTF8 
java_command: D:\Unity\Editor\Data\PlaybackEngines\AndroidPlayer/Tools\sdktools.jar -
java_class_path (initial): D:\Unity\Editor\Data\PlaybackEngines\AndroidPlayer/Tools\sdktools.jar
Launcher Type: SUN_STANDARD

Environment Variables:
JAVA_HOME=D:\Java\jdk1.8.0_181
PATH=C:\Program Files (x86)\Intel\Intel(R) Management Engine Components\iCLS\;C:\Program Files\Intel\Intel(R) Management Engine Components\iCLS\;C:\WINDOWS\system32;C:\WINDOWS;C:\WINDOWS\System32\Wbem;C:\WINDOWS\System32\WindowsPowerShell\v1.0\;D:\PuTTY\;C:\Program Files (x86)\Intel\Intel(R) Management Engine Components\DAL;C:\Program Files\Intel\Intel(R) Management Engine Components\DAL;D:\Git\cmd;D:\Java\jdk1.8.0_181\bin;";D:\Java\jdk1.8.0_181\jre\bin";D:\Android\Sdk\platform-tools;C:\WINDOWS\System32\OpenSSH\;D:\MATLAB\R2018b\bin;D:\nodejs\;D:\Python\Python37\Scripts\;D:\Python\Python37\;C:\Users\kakar\AppData\Local\Microsoft\WindowsApps;D:\opencv\build\x64\vc15\bin;C:\Users\kakar\AppData\Roaming\npm
USERNAME=kakar
OS=Windows_NT
PROCESSOR_IDENTIFIER=Intel64 Family 6 Model 142 Stepping 10, GenuineIntel



---------------  S Y S T E M  ---------------

OS: Windows 10.0 , 64 bit Build 17134 (10.0.17134.1)

CPU:total 8 (initial active 8) (4 cores per cpu, 2 threads per core) family 6 model 142 stepping 10, cmov, cx8, fxsr, mmx, sse, sse2, sse3, ssse3, sse4.1, sse4.2, popcnt, avx, avx2, aes, clmul, erms, 3dnowpref, lzcnt, ht, tsc, tscinvbit, bmi1, bmi2, adx

Memory: 4k page, physical 8192048k(1339840k free), swap 14556332k(5372k free)

vm_info: Java HotSpot(TM) 64-Bit Server VM (25.181-b13) for windows-amd64 JRE (1.8.0_181-b13), built on Jul  7 2018 04:01:33 by "java_re" with MS VC++ 10.0 (VS2010)

time: Tue Dec 11 11:50:29 2018
elapsed time: 0 seconds (0d 0h 0m 0s)

